{"uid":"86575734c87dfcbe","name":"Click to the func Authentication -- @1.2 ","fullName":"example feature on HerokuApp web: Click to the func Authentication","historyId":"1eeb084a48bc7d5e34f7ce55125de440","time":{"start":1742150841167,"stop":1742150843342,"duration":2175},"status":"failed","statusMessage":"AssertionError\n","statusTrace":"  File \"C:\\Users\\Admin\\AppData\\Local\\Programs\\Python\\Python312\\Lib\\site-packages\\behave\\model.py\", line 1329, in run\n    match.run(runner.context)\n  File \"C:\\Users\\Admin\\AppData\\Local\\Programs\\Python\\Python312\\Lib\\site-packages\\behave\\matchers.py\", line 98, in run\n    self.func(context, *args, **kwargs)\n  File \"features\\steps\\steps_herokuapp.py\", line 57, in step_impl\n    assert get_login_page(context).verify_subheader() == \"Welcome to the Secure Area. When you are done click logout below.\"\n","flaky":false,"newFailed":false,"newBroken":false,"newPassed":false,"retriesCount":4,"retriesStatusChange":false,"beforeStages":[],"testStage":{"status":"failed","statusMessage":"AssertionError\n","statusTrace":"  File \"C:\\Users\\Admin\\AppData\\Local\\Programs\\Python\\Python312\\Lib\\site-packages\\behave\\model.py\", line 1329, in run\n    match.run(runner.context)\n  File \"C:\\Users\\Admin\\AppData\\Local\\Programs\\Python\\Python312\\Lib\\site-packages\\behave\\matchers.py\", line 98, in run\n    self.func(context, *args, **kwargs)\n  File \"features\\steps\\steps_herokuapp.py\", line 57, in step_impl\n    assert get_login_page(context).verify_subheader() == \"Welcome to the Secure Area. When you are done click logout below.\"\n","steps":[{"name":"Given Open the browser","time":{"start":1742150841168,"stop":1742150841168,"duration":0},"status":"passed","steps":[],"attachments":[],"parameters":[],"attachmentsCount":0,"shouldDisplayMessage":false,"hasContent":false,"attachmentStep":false,"stepsCount":0},{"name":"When go to practice test page herokuapp","time":{"start":1742150841168,"stop":1742150841487,"duration":319},"status":"passed","steps":[],"attachments":[],"parameters":[],"attachmentsCount":0,"shouldDisplayMessage":false,"hasContent":false,"attachmentStep":false,"stepsCount":0},{"name":"When click func Authentication","time":{"start":1742150841487,"stop":1742150841855,"duration":368},"status":"passed","steps":[],"attachments":[],"parameters":[],"attachmentsCount":0,"shouldDisplayMessage":false,"hasContent":false,"attachmentStep":false,"stepsCount":0},{"name":"And input into the username \"admin123\" and password \"admin\"","time":{"start":1742150841855,"stop":1742150841957,"duration":102},"status":"passed","steps":[],"attachments":[],"parameters":[],"attachmentsCount":0,"shouldDisplayMessage":false,"hasContent":false,"attachmentStep":false,"stepsCount":0},{"name":"And enter button login","time":{"start":1742150841957,"stop":1742150842040,"duration":83},"status":"passed","steps":[],"attachments":[],"parameters":[],"attachmentsCount":0,"shouldDisplayMessage":false,"hasContent":false,"attachmentStep":false,"stepsCount":0},{"name":"Then Verify user login success","time":{"start":1742150842040,"stop":1742150843341,"duration":1301},"status":"failed","statusMessage":"AssertionError\n","statusTrace":"  File \"C:\\Users\\Admin\\AppData\\Local\\Programs\\Python\\Python312\\Lib\\site-packages\\behave\\model.py\", line 1329, in run\n    match.run(runner.context)\n  File \"C:\\Users\\Admin\\AppData\\Local\\Programs\\Python\\Python312\\Lib\\site-packages\\behave\\matchers.py\", line 98, in run\n    self.func(context, *args, **kwargs)\n  File \"features\\steps\\steps_herokuapp.py\", line 57, in step_impl\n    assert get_login_page(context).verify_subheader() == \"Welcome to the Secure Area. When you are done click logout below.\"\n","steps":[],"attachments":[{"uid":"92cc1d8115d152dd","name":"Verify user login success","source":"92cc1d8115d152dd.png","type":"image/png","size":83765}],"parameters":[],"attachmentsCount":1,"shouldDisplayMessage":true,"hasContent":true,"attachmentStep":false,"stepsCount":0}],"attachments":[],"parameters":[],"attachmentsCount":1,"shouldDisplayMessage":false,"hasContent":true,"attachmentStep":false,"stepsCount":6},"afterStages":[],"labels":[{"name":"severity","value":"normal"},{"name":"feature","value":"example feature on HerokuApp web"},{"name":"framework","value":"behave"},{"name":"language","value":"cpython3"},{"name":"resultFormat","value":"allure2"}],"parameters":[{"name":"password","value":"admin"},{"name":"username","value":"admin123"}],"links":[],"hidden":false,"retry":false,"extra":{"severity":"normal","retries":[{"uid":"9c503126d9985540","status":"failed","statusDetails":"AssertionError\n","time":{"start":1742150395599,"stop":1742150397169,"duration":1570}},{"uid":"e6eff3088cbafacf","status":"failed","statusDetails":"AssertionError\n","time":{"start":1742150046779,"stop":1742150048475,"duration":1696}},{"uid":"a9ff1f1bc953aed7","status":"failed","statusDetails":"AssertionError\n","time":{"start":1742150012890,"stop":1742150014474,"duration":1584}},{"uid":"4495e7d8236cd1ab","status":"failed","statusDetails":"AssertionError\n","time":{"start":1742149955279,"stop":1742149956811,"duration":1532}}],"categories":[{"name":"Product defects","matchedStatuses":[],"flaky":false}],"tags":[]},"source":"86575734c87dfcbe.json","parameterValues":["admin","admin123"]}