{"uid":"9c503126d9985540","name":"Click to the func Authentication -- @1.2 ","fullName":"example feature on HerokuApp web: Click to the func Authentication","historyId":"1eeb084a48bc7d5e34f7ce55125de440","time":{"start":1742150395599,"stop":1742150397169,"duration":1570},"status":"failed","statusMessage":"AssertionError\n","statusTrace":"  File \"C:\\Users\\Admin\\AppData\\Local\\Programs\\Python\\Python312\\Lib\\site-packages\\behave\\model.py\", line 1329, in run\n    match.run(runner.context)\n  File \"C:\\Users\\Admin\\AppData\\Local\\Programs\\Python\\Python312\\Lib\\site-packages\\behave\\matchers.py\", line 98, in run\n    self.func(context, *args, **kwargs)\n  File \"features\\steps\\steps_herokuapp.py\", line 57, in step_impl\n    assert get_login_page(context).verify_subheader() == \"Welcome to the Secure Area. When you are done click logout below.\"\n","flaky":false,"newFailed":false,"newBroken":false,"newPassed":false,"retriesCount":0,"retriesStatusChange":false,"beforeStages":[],"testStage":{"status":"failed","statusMessage":"AssertionError\n","statusTrace":"  File \"C:\\Users\\Admin\\AppData\\Local\\Programs\\Python\\Python312\\Lib\\site-packages\\behave\\model.py\", line 1329, in run\n    match.run(runner.context)\n  File \"C:\\Users\\Admin\\AppData\\Local\\Programs\\Python\\Python312\\Lib\\site-packages\\behave\\matchers.py\", line 98, in run\n    self.func(context, *args, **kwargs)\n  File \"features\\steps\\steps_herokuapp.py\", line 57, in step_impl\n    assert get_login_page(context).verify_subheader() == \"Welcome to the Secure Area. When you are done click logout below.\"\n","steps":[{"name":"Given Open the browser","time":{"start":1742150395601,"stop":1742150395601,"duration":0},"status":"passed","steps":[],"attachments":[],"parameters":[],"attachmentsCount":0,"shouldDisplayMessage":false,"hasContent":false,"attachmentStep":false,"stepsCount":0},{"name":"When go to practice test page herokuapp","time":{"start":1742150395601,"stop":1742150395921,"duration":320},"status":"passed","steps":[],"attachments":[],"parameters":[],"attachmentsCount":0,"shouldDisplayMessage":false,"hasContent":false,"attachmentStep":false,"stepsCount":0},{"name":"When click func Authentication","time":{"start":1742150395921,"stop":1742150396314,"duration":393},"status":"passed","steps":[],"attachments":[],"parameters":[],"attachmentsCount":0,"shouldDisplayMessage":false,"hasContent":false,"attachmentStep":false,"stepsCount":0},{"name":"And input into the username \"admin123\" and password \"admin\"","time":{"start":1742150396314,"stop":1742150396409,"duration":95},"status":"passed","steps":[],"attachments":[],"parameters":[],"attachmentsCount":0,"shouldDisplayMessage":false,"hasContent":false,"attachmentStep":false,"stepsCount":0},{"name":"And enter button login","time":{"start":1742150396409,"stop":1742150397036,"duration":627},"status":"passed","steps":[],"attachments":[],"parameters":[],"attachmentsCount":0,"shouldDisplayMessage":false,"hasContent":false,"attachmentStep":false,"stepsCount":0},{"name":"Then Verify user login success","time":{"start":1742150397036,"stop":1742150397169,"duration":133},"status":"failed","statusMessage":"AssertionError\n","statusTrace":"  File \"C:\\Users\\Admin\\AppData\\Local\\Programs\\Python\\Python312\\Lib\\site-packages\\behave\\model.py\", line 1329, in run\n    match.run(runner.context)\n  File \"C:\\Users\\Admin\\AppData\\Local\\Programs\\Python\\Python312\\Lib\\site-packages\\behave\\matchers.py\", line 98, in run\n    self.func(context, *args, **kwargs)\n  File \"features\\steps\\steps_herokuapp.py\", line 57, in step_impl\n    assert get_login_page(context).verify_subheader() == \"Welcome to the Secure Area. When you are done click logout below.\"\n","steps":[],"attachments":[{"uid":"455148b493851da","name":"Verify user login success","source":"455148b493851da.png","type":"image/png","size":83765}],"parameters":[],"attachmentsCount":1,"shouldDisplayMessage":true,"hasContent":true,"attachmentStep":false,"stepsCount":0}],"attachments":[],"parameters":[],"attachmentsCount":1,"shouldDisplayMessage":false,"hasContent":true,"attachmentStep":false,"stepsCount":6},"afterStages":[],"labels":[{"name":"severity","value":"normal"},{"name":"feature","value":"example feature on HerokuApp web"},{"name":"framework","value":"behave"},{"name":"language","value":"cpython3"},{"name":"resultFormat","value":"allure2"}],"parameters":[{"name":"password","value":"admin"},{"name":"username","value":"admin123"}],"links":[],"hidden":true,"retry":true,"extra":{"categories":[],"tags":[]},"source":"9c503126d9985540.json","parameterValues":["admin","admin123"]}