{"uid":"daa67b4e78bf34ae","name":"Click to the func Authentication -- @1.2 ","fullName":"example feature on HerokuApp web: Click to the func Authentication","historyId":"1eeb084a48bc7d5e34f7ce55125de440","time":{"start":1742150395599,"stop":1742150397169,"duration":1570},"status":"failed","statusMessage":"AssertionError\n","statusTrace":"  File \"C:\\Users\\Admin\\AppData\\Local\\Programs\\Python\\Python312\\Lib\\site-packages\\behave\\model.py\", line 1329, in run\n    match.run(runner.context)\n  File \"C:\\Users\\Admin\\AppData\\Local\\Programs\\Python\\Python312\\Lib\\site-packages\\behave\\matchers.py\", line 98, in run\n    self.func(context, *args, **kwargs)\n  File \"features\\steps\\steps_herokuapp.py\", line 57, in step_impl\n    assert get_login_page(context).verify_subheader() == \"Welcome to the Secure Area. When you are done click logout below.\"\n","flaky":false,"newFailed":false,"newBroken":false,"newPassed":false,"retriesCount":3,"retriesStatusChange":false,"beforeStages":[],"testStage":{"status":"failed","statusMessage":"AssertionError\n","statusTrace":"  File \"C:\\Users\\Admin\\AppData\\Local\\Programs\\Python\\Python312\\Lib\\site-packages\\behave\\model.py\", line 1329, in run\n    match.run(runner.context)\n  File \"C:\\Users\\Admin\\AppData\\Local\\Programs\\Python\\Python312\\Lib\\site-packages\\behave\\matchers.py\", line 98, in run\n    self.func(context, *args, **kwargs)\n  File \"features\\steps\\steps_herokuapp.py\", line 57, in step_impl\n    assert get_login_page(context).verify_subheader() == \"Welcome to the Secure Area. When you are done click logout below.\"\n","steps":[{"name":"Given Open the browser","time":{"start":1742150395601,"stop":1742150395601,"duration":0},"status":"passed","steps":[],"attachments":[],"parameters":[],"stepsCount":0,"hasContent":false,"attachmentStep":false,"attachmentsCount":0,"shouldDisplayMessage":false},{"name":"When go to practice test page herokuapp","time":{"start":1742150395601,"stop":1742150395921,"duration":320},"status":"passed","steps":[],"attachments":[],"parameters":[],"stepsCount":0,"hasContent":false,"attachmentStep":false,"attachmentsCount":0,"shouldDisplayMessage":false},{"name":"When click func Authentication","time":{"start":1742150395921,"stop":1742150396314,"duration":393},"status":"passed","steps":[],"attachments":[],"parameters":[],"stepsCount":0,"hasContent":false,"attachmentStep":false,"attachmentsCount":0,"shouldDisplayMessage":false},{"name":"And input into the username \"admin123\" and password \"admin\"","time":{"start":1742150396314,"stop":1742150396409,"duration":95},"status":"passed","steps":[],"attachments":[],"parameters":[],"stepsCount":0,"hasContent":false,"attachmentStep":false,"attachmentsCount":0,"shouldDisplayMessage":false},{"name":"And enter button login","time":{"start":1742150396409,"stop":1742150397036,"duration":627},"status":"passed","steps":[],"attachments":[],"parameters":[],"stepsCount":0,"hasContent":false,"attachmentStep":false,"attachmentsCount":0,"shouldDisplayMessage":false},{"name":"Then Verify user login success","time":{"start":1742150397036,"stop":1742150397169,"duration":133},"status":"failed","statusMessage":"AssertionError\n","statusTrace":"  File \"C:\\Users\\Admin\\AppData\\Local\\Programs\\Python\\Python312\\Lib\\site-packages\\behave\\model.py\", line 1329, in run\n    match.run(runner.context)\n  File \"C:\\Users\\Admin\\AppData\\Local\\Programs\\Python\\Python312\\Lib\\site-packages\\behave\\matchers.py\", line 98, in run\n    self.func(context, *args, **kwargs)\n  File \"features\\steps\\steps_herokuapp.py\", line 57, in step_impl\n    assert get_login_page(context).verify_subheader() == \"Welcome to the Secure Area. When you are done click logout below.\"\n","steps":[],"attachments":[{"uid":"29c6678aea2ef2aa","name":"Verify user login success","source":"29c6678aea2ef2aa.png","type":"image/png","size":83765}],"parameters":[],"stepsCount":0,"hasContent":true,"attachmentStep":false,"attachmentsCount":1,"shouldDisplayMessage":true}],"attachments":[],"parameters":[],"stepsCount":6,"hasContent":true,"attachmentStep":false,"attachmentsCount":1,"shouldDisplayMessage":false},"afterStages":[],"labels":[{"name":"severity","value":"normal"},{"name":"feature","value":"example feature on HerokuApp web"},{"name":"framework","value":"behave"},{"name":"language","value":"cpython3"},{"name":"resultFormat","value":"allure2"}],"parameters":[{"name":"password","value":"admin"},{"name":"username","value":"admin123"}],"links":[],"hidden":false,"retry":false,"extra":{"severity":"normal","retries":[{"uid":"1914979cb66aebbc","status":"failed","statusDetails":"AssertionError\n","time":{"start":1742150046779,"stop":1742150048475,"duration":1696}},{"uid":"f7117e926b7a025f","status":"failed","statusDetails":"AssertionError\n","time":{"start":1742150012890,"stop":1742150014474,"duration":1584}},{"uid":"88f43dfb1bd730b4","status":"failed","statusDetails":"AssertionError\n","time":{"start":1742149955279,"stop":1742149956811,"duration":1532}}],"categories":[{"name":"Product defects","matchedStatuses":[],"flaky":false}],"tags":[]},"source":"daa67b4e78bf34ae.json","parameterValues":["admin","admin123"]}