{"name": "Click to the func Authentication -- @1.2 ", "status": "failed", "statusDetails": {"message": "AssertionError\n", "trace": "  File \"C:\\Users\\Admin\\AppData\\Local\\Programs\\Python\\Python312\\Lib\\site-packages\\behave\\model.py\", line 1329, in run\n    match.run(runner.context)\n  File \"C:\\Users\\Admin\\AppData\\Local\\Programs\\Python\\Python312\\Lib\\site-packages\\behave\\matchers.py\", line 98, in run\n    self.func(context, *args, **kwargs)\n  File \"features\\steps\\steps_herokuapp.py\", line 57, in step_impl\n    assert get_login_page(context).verify_subheader() == \"Welcome to the Secure Area. When you are done click logout below.\"\n"}, "steps": [{"name": "Given Open the browser", "status": "passed", "steps": [{"name": "Open the browser", "status": "passed", "start": 1742149955282, "stop": 1742149955283}], "start": 1742149955281, "stop": 1742149955283}, {"name": "When go to practice test page herokuapp", "status": "passed", "steps": [{"name": "go to practice test page herokuapp", "status": "passed", "start": 1742149955284, "stop": 1742149955594}], "start": 1742149955283, "stop": 1742149955594}, {"name": "When click func Authentication", "status": "passed", "steps": [{"name": "click func Authentication", "status": "passed", "start": 1742149955594, "stop": 1742149955962}], "start": 1742149955594, "stop": 1742149955962}, {"name": "And input into the username \"admin123\" and password \"admin\"", "status": "passed", "steps": [{"name": "input into the username \"admin123\" and password \"admin\"", "status": "passed", "start": 1742149955963, "stop": 1742149956055}], "start": 1742149955962, "stop": 1742149956055}, {"name": "And enter button login", "status": "passed", "steps": [{"name": "enter button login", "status": "passed", "start": 1742149956055, "stop": 1742149956095}], "start": 1742149956055, "stop": 1742149956095}, {"name": "Then Verify user login success", "status": "failed", "statusDetails": {"message": "AssertionError\n", "trace": "  File \"C:\\Users\\Admin\\AppData\\Local\\Programs\\Python\\Python312\\Lib\\site-packages\\behave\\model.py\", line 1329, in run\n    match.run(runner.context)\n  File \"C:\\Users\\Admin\\AppData\\Local\\Programs\\Python\\Python312\\Lib\\site-packages\\behave\\matchers.py\", line 98, in run\n    self.func(context, *args, **kwargs)\n  File \"features\\steps\\steps_herokuapp.py\", line 57, in step_impl\n    assert get_login_page(context).verify_subheader() == \"Welcome to the Secure Area. When you are done click logout below.\"\n"}, "steps": [{"name": "Verify user login success", "status": "passed", "attachments": [{"name": "Verify user login success", "source": "cb12e089-9cf6-4768-a086-c6dec922e073-attachment.png", "type": "image/png"}], "start": 1742149956096, "stop": 1742149956809}], "start": 1742149956095, "stop": 1742149956810}], "parameters": [{"name": "username", "value": "admin123"}, {"name": "password", "value": "admin"}], "start": 1742149955279, "stop": 1742149956811, "uuid": "50f443dc-07d6-4dd9-9c57-f4b2df843cb9", "historyId": "1eeb084a48bc7d5e34f7ce55125de440", "fullName": "example feature on HerokuApp web: Click to the func Authentication", "labels": [{"name": "severity", "value": "normal"}, {"name": "feature", "value": "example feature on HerokuApp web"}, {"name": "framework", "value": "behave"}, {"name": "language", "value": "cpython3"}]}