{"name": "Click to the func Authentication -- @1.2 ", "status": "failed", "statusDetails": {"message": "AssertionError\n", "trace": "  File \"C:\\Users\\Admin\\AppData\\Local\\Programs\\Python\\Python312\\Lib\\site-packages\\behave\\model.py\", line 1329, in run\n    match.run(runner.context)\n  File \"C:\\Users\\Admin\\AppData\\Local\\Programs\\Python\\Python312\\Lib\\site-packages\\behave\\matchers.py\", line 98, in run\n    self.func(context, *args, **kwargs)\n  File \"features\\steps\\steps_herokuapp.py\", line 57, in step_impl\n    assert get_login_page(context).verify_subheader() == \"Welcome to the Secure Area. When you are done click logout below.\"\n"}, "steps": [{"name": "Given Open the browser", "status": "passed", "steps": [{"name": "Open the browser", "status": "passed", "start": 1742148992334, "stop": 1742148992334}], "start": 1742148992333, "stop": 1742148992335}, {"name": "When go to practice test page herokuapp", "status": "passed", "steps": [{"name": "go to practice test page herokuapp", "status": "passed", "start": 1742148992335, "stop": 1742148992647}], "start": 1742148992335, "stop": 1742148992648}, {"name": "When click func Authentication", "status": "passed", "steps": [{"name": "click func Authentication", "status": "passed", "start": 1742148992649, "stop": 1742148993007}], "start": 1742148992648, "stop": 1742148993007}, {"name": "And input into the username \"admin123\" and password \"admin\"", "status": "passed", "steps": [{"name": "input into the username \"admin123\" and password \"admin\"", "status": "passed", "start": 1742148993007, "stop": 1742148993127}], "start": 1742148993007, "stop": 1742148993127}, {"name": "And enter button login", "status": "passed", "steps": [{"name": "enter button login", "status": "passed", "start": 1742148993129, "stop": 1742148993167}], "start": 1742148993128, "stop": 1742148993167}, {"name": "Then Verify user login success", "status": "failed", "statusDetails": {"message": "AssertionError\n", "trace": "  File \"C:\\Users\\Admin\\AppData\\Local\\Programs\\Python\\Python312\\Lib\\site-packages\\behave\\model.py\", line 1329, in run\n    match.run(runner.context)\n  File \"C:\\Users\\Admin\\AppData\\Local\\Programs\\Python\\Python312\\Lib\\site-packages\\behave\\matchers.py\", line 98, in run\n    self.func(context, *args, **kwargs)\n  File \"features\\steps\\steps_herokuapp.py\", line 57, in step_impl\n    assert get_login_page(context).verify_subheader() == \"Welcome to the Secure Area. When you are done click logout below.\"\n"}, "steps": [{"name": "Verify user login success", "status": "passed", "attachments": [{"name": "Verify user login success", "source": "e45b783a-6572-43a1-99a2-bfe317064ce2-attachment.png", "type": "image/png"}], "start": 1742148993167, "stop": 1742148993879}], "start": 1742148993167, "stop": 1742148993879}], "parameters": [{"name": "username", "value": "admin123"}, {"name": "password", "value": "admin"}], "start": 1742148992331, "stop": 1742148993880, "uuid": "64243c13-d571-4f2d-990e-97c2c241a941", "historyId": "1eeb084a48bc7d5e34f7ce55125de440", "fullName": "example feature on HerokuApp web: Click to the func Authentication", "labels": [{"name": "severity", "value": "normal"}, {"name": "feature", "value": "example feature on HerokuApp web"}, {"name": "framework", "value": "behave"}, {"name": "language", "value": "cpython3"}]}