{"name": "Click to the func Authentication -- @1.2 ", "status": "failed", "statusDetails": {"message": "AssertionError\n", "trace": "  File \"C:\\Users\\Admin\\AppData\\Local\\Programs\\Python\\Python312\\Lib\\site-packages\\behave\\model.py\", line 1329, in run\n    match.run(runner.context)\n  File \"C:\\Users\\Admin\\AppData\\Local\\Programs\\Python\\Python312\\Lib\\site-packages\\behave\\matchers.py\", line 98, in run\n    self.func(context, *args, **kwargs)\n  File \"features\\steps\\steps_herokuapp.py\", line 57, in step_impl\n    assert get_login_page(context).verify_subheader() == \"Welcome to the Secure Area. When you are done click logout below.\"\n"}, "steps": [{"name": "Given Open the browser", "status": "passed", "steps": [{"name": "Open the browser", "status": "passed", "start": 1742148422205, "stop": 1742148422205}], "start": 1742148422205, "stop": 1742148422205}, {"name": "When go to practice test page herokuapp", "status": "passed", "steps": [{"name": "go to practice test page herokuapp", "status": "passed", "start": 1742148422206, "stop": 1742148422521}], "start": 1742148422205, "stop": 1742148422521}, {"name": "When click func Authentication", "status": "passed", "steps": [{"name": "click func Authentication", "status": "passed", "start": 1742148422522, "stop": 1742148422876}], "start": 1742148422521, "stop": 1742148422876}, {"name": "And input into the username \"admin123\" and password \"admin\"", "status": "passed", "steps": [{"name": "input into the username \"admin123\" and password \"admin\"", "status": "passed", "start": 1742148422877, "stop": 1742148422969}], "start": 1742148422877, "stop": 1742148422969}, {"name": "And enter button login", "status": "passed", "steps": [{"name": "enter button login", "status": "passed", "start": 1742148422970, "stop": 1742148423033}], "start": 1742148422969, "stop": 1742148423033}, {"name": "Then Verify user login success", "status": "failed", "statusDetails": {"message": "AssertionError\n", "trace": "  File \"C:\\Users\\Admin\\AppData\\Local\\Programs\\Python\\Python312\\Lib\\site-packages\\behave\\model.py\", line 1329, in run\n    match.run(runner.context)\n  File \"C:\\Users\\Admin\\AppData\\Local\\Programs\\Python\\Python312\\Lib\\site-packages\\behave\\matchers.py\", line 98, in run\n    self.func(context, *args, **kwargs)\n  File \"features\\steps\\steps_herokuapp.py\", line 57, in step_impl\n    assert get_login_page(context).verify_subheader() == \"Welcome to the Secure Area. When you are done click logout below.\"\n"}, "steps": [{"name": "Verify user login success", "status": "passed", "attachments": [{"name": "Verify user login success", "source": "36745054-b905-4b38-b23f-2312f0da855c-attachment.png", "type": "image/png"}], "start": 1742148423033, "stop": 1742148423767}], "start": 1742148423033, "stop": 1742148423768}], "parameters": [{"name": "username", "value": "admin123"}, {"name": "password", "value": "admin"}], "start": 1742148422204, "stop": 1742148423769, "uuid": "a0dcd770-e0fc-4a5b-ab90-8f8c10672df9", "historyId": "1eeb084a48bc7d5e34f7ce55125de440", "fullName": "example feature on HerokuApp web: Click to the func Authentication", "labels": [{"name": "severity", "value": "normal"}, {"name": "feature", "value": "example feature on HerokuApp web"}, {"name": "framework", "value": "behave"}, {"name": "language", "value": "cpython3"}]}