{"name": "Click to the func Authentication -- @1.2 ", "status": "failed", "statusDetails": {"message": "AssertionError\n", "trace": "  File \"C:\\Users\\Admin\\AppData\\Local\\Programs\\Python\\Python312\\Lib\\site-packages\\behave\\model.py\", line 1329, in run\n    match.run(runner.context)\n  File \"C:\\Users\\Admin\\AppData\\Local\\Programs\\Python\\Python312\\Lib\\site-packages\\behave\\matchers.py\", line 98, in run\n    self.func(context, *args, **kwargs)\n  File \"features\\steps\\steps_herokuapp.py\", line 57, in step_impl\n    assert get_login_page(context).verify_subheader() == \"Welcome to the Secure Area. When you are done click logout below.\"\n"}, "steps": [{"name": "Given Open the browser", "status": "passed", "steps": [{"name": "Open the browser", "status": "passed", "start": 1742150012891, "stop": 1742150012892}], "start": 1742150012891, "stop": 1742150012892}, {"name": "When go to practice test page herokuapp", "status": "passed", "steps": [{"name": "go to practice test page herokuapp", "status": "passed", "start": 1742150012892, "stop": 1742150013219}], "start": 1742150012892, "stop": 1742150013219}, {"name": "When click func Authentication", "status": "passed", "steps": [{"name": "click func Authentication", "status": "passed", "start": 1742150013219, "stop": 1742150013588}], "start": 1742150013219, "stop": 1742150013588}, {"name": "And input into the username \"admin123\" and password \"admin\"", "status": "passed", "steps": [{"name": "input into the username \"admin123\" and password \"admin\"", "status": "passed", "start": 1742150013588, "stop": 1742150013690}], "start": 1742150013588, "stop": 1742150013690}, {"name": "And enter button login", "status": "passed", "steps": [{"name": "enter button login", "status": "passed", "start": 1742150013691, "stop": 1742150014320}], "start": 1742150013691, "stop": 1742150014320}, {"name": "Then Verify user login success", "status": "failed", "statusDetails": {"message": "AssertionError\n", "trace": "  File \"C:\\Users\\Admin\\AppData\\Local\\Programs\\Python\\Python312\\Lib\\site-packages\\behave\\model.py\", line 1329, in run\n    match.run(runner.context)\n  File \"C:\\Users\\Admin\\AppData\\Local\\Programs\\Python\\Python312\\Lib\\site-packages\\behave\\matchers.py\", line 98, in run\n    self.func(context, *args, **kwargs)\n  File \"features\\steps\\steps_herokuapp.py\", line 57, in step_impl\n    assert get_login_page(context).verify_subheader() == \"Welcome to the Secure Area. When you are done click logout below.\"\n"}, "steps": [{"name": "Verify user login success", "status": "passed", "attachments": [{"name": "Verify user login success", "source": "59722ec8-5516-4615-a2df-d6a29aef3573-attachment.png", "type": "image/png"}], "start": 1742150014321, "stop": 1742150014472}], "start": 1742150014321, "stop": 1742150014472}], "parameters": [{"name": "username", "value": "admin123"}, {"name": "password", "value": "admin"}], "start": 1742150012890, "stop": 1742150014474, "uuid": "1c1546bc-9640-4611-83ab-0ff5fff685c2", "historyId": "1eeb084a48bc7d5e34f7ce55125de440", "fullName": "example feature on HerokuApp web: Click to the func Authentication", "labels": [{"name": "severity", "value": "normal"}, {"name": "feature", "value": "example feature on HerokuApp web"}, {"name": "framework", "value": "behave"}, {"name": "language", "value": "cpython3"}]}