{"name": "Click to the func Authentication -- @1.2 ", "status": "failed", "statusDetails": {"message": "AssertionError\n", "trace": "  File \"C:\\Users\\Admin\\AppData\\Local\\Programs\\Python\\Python312\\Lib\\site-packages\\behave\\model.py\", line 1329, in run\n    match.run(runner.context)\n  File \"C:\\Users\\Admin\\AppData\\Local\\Programs\\Python\\Python312\\Lib\\site-packages\\behave\\matchers.py\", line 98, in run\n    self.func(context, *args, **kwargs)\n  File \"features\\steps\\steps_herokuapp.py\", line 57, in step_impl\n    assert get_login_page(context).verify_subheader() == \"Welcome to the Secure Area. When you are done click logout below.\"\n"}, "steps": [{"name": "Given Open the browser", "status": "passed", "steps": [{"name": "Open the browser", "status": "passed", "start": 1742148529933, "stop": 1742148529933}], "start": 1742148529931, "stop": 1742148529933}, {"name": "When go to practice test page herokuapp", "status": "passed", "steps": [{"name": "go to practice test page herokuapp", "status": "passed", "start": 1742148529934, "stop": 1742148530250}], "start": 1742148529934, "stop": 1742148530250}, {"name": "When click func Authentication", "status": "passed", "steps": [{"name": "click func Authentication", "status": "passed", "start": 1742148530251, "stop": 1742148530635}], "start": 1742148530250, "stop": 1742148530635}, {"name": "And input into the username \"admin123\" and password \"admin\"", "status": "passed", "steps": [{"name": "input into the username \"admin123\" and password \"admin\"", "status": "passed", "start": 1742148530636, "stop": 1742148530763}], "start": 1742148530635, "stop": 1742148530764}, {"name": "And enter button login", "status": "passed", "steps": [{"name": "enter button login", "status": "passed", "start": 1742148530764, "stop": 1742148531404}], "start": 1742148530764, "stop": 1742148531404}, {"name": "Then Verify user login success", "status": "failed", "statusDetails": {"message": "AssertionError\n", "trace": "  File \"C:\\Users\\Admin\\AppData\\Local\\Programs\\Python\\Python312\\Lib\\site-packages\\behave\\model.py\", line 1329, in run\n    match.run(runner.context)\n  File \"C:\\Users\\Admin\\AppData\\Local\\Programs\\Python\\Python312\\Lib\\site-packages\\behave\\matchers.py\", line 98, in run\n    self.func(context, *args, **kwargs)\n  File \"features\\steps\\steps_herokuapp.py\", line 57, in step_impl\n    assert get_login_page(context).verify_subheader() == \"Welcome to the Secure Area. When you are done click logout below.\"\n"}, "steps": [{"name": "Verify user login success", "status": "passed", "attachments": [{"name": "Verify user login success", "source": "c3a267e8-b1eb-4499-af7f-1b17f6cb2966-attachment.png", "type": "image/png"}], "start": 1742148531405, "stop": 1742148531576}], "start": 1742148531404, "stop": 1742148531577}], "parameters": [{"name": "username", "value": "admin123"}, {"name": "password", "value": "admin"}], "start": 1742148529930, "stop": 1742148531578, "uuid": "6e4ce8ac-da93-4530-91b4-186df84cfefa", "historyId": "1eeb084a48bc7d5e34f7ce55125de440", "fullName": "example feature on HerokuApp web: Click to the func Authentication", "labels": [{"name": "severity", "value": "normal"}, {"name": "feature", "value": "example feature on HerokuApp web"}, {"name": "framework", "value": "behave"}, {"name": "language", "value": "cpython3"}]}